09-27-2017 @ 08:42:27 - Request
environment: sandbox
uri: generate
data: Array
(
)
duration: 0.62905s

09-27-2017 @ 08:42:27 - Response
data:

09-27-2017 @ 08:42:27 - Invalid Credentials, please double-check your API credentials (Merchant ID, Public Key, Private Key, and Merchant Account ID) and try again.
09-27-2017 @ 08:42:28 - Request
environment: sandbox
uri: generate
data: Array
(
)
duration: 0.65164s

09-27-2017 @ 08:42:28 - Response
data:

09-27-2017 @ 08:42:28 - Invalid Credentials, please double-check your API credentials (Merchant ID, Public Key, Private Key, and Merchant Account ID) and try again.
09-27-2017 @ 08:42:34 - Request
environment: sandbox
uri: generate
data: Array
(
)
duration: 0.63892s

09-27-2017 @ 08:42:34 - Response
data:

09-27-2017 @ 08:42:34 - Invalid Credentials, please double-check your API credentials (Merchant ID, Public Key, Private Key, and Merchant Account ID) and try again.
09-27-2017 @ 08:42:34 - Request
environment: sandbox
uri: generate
data: Array
(
)
duration: 0.64933s

09-27-2017 @ 08:42:34 - Response
data:

09-27-2017 @ 08:42:34 - Invalid Credentials, please double-check your API credentials (Merchant ID, Public Key, Private Key, and Merchant Account ID) and try again.
09-27-2017 @ 10:36:44 - Request
environment: sandbox
uri: generate
data: Array
(
)
duration: 0.65871s

09-27-2017 @ 10:36:44 - Response
data:

09-27-2017 @ 10:36:44 - Invalid Credentials, please double-check your API credentials (Merchant ID, Public Key, Private Key, and Merchant Account ID) and try again.
09-27-2017 @ 10:36:44 - Request
environment: sandbox
uri: generate
data: Array
(
)
duration: 0.67416s

09-27-2017 @ 10:36:44 - Response
data:

09-27-2017 @ 10:36:44 - Invalid Credentials, please double-check your API credentials (Merchant ID, Public Key, Private Key, and Merchant Account ID) and try again.
09-27-2017 @ 10:41:07 - Request
environment: sandbox
uri: generate
data: Array
(
)
duration: 0.66408s

09-27-2017 @ 10:41:07 - Response
data:

09-27-2017 @ 10:41:07 - Invalid Credentials, please double-check your API credentials (Merchant ID, Public Key, Private Key, and Merchant Account ID) and try again.
09-27-2017 @ 10:41:08 - Request
environment: sandbox
uri: generate
data: Array
(
)
duration: 0.66056s

09-27-2017 @ 10:41:08 - Response
data:

09-27-2017 @ 10:41:08 - Invalid Credentials, please double-check your API credentials (Merchant ID, Public Key, Private Key, and Merchant Account ID) and try again.
09-27-2017 @ 10:41:17 - Request
environment: sandbox
uri: generate
data: Array
(
)
duration: 0.64544s

09-27-2017 @ 10:41:17 - Response
data:

09-27-2017 @ 10:41:17 - Invalid Credentials, please double-check your API credentials (Merchant ID, Public Key, Private Key, and Merchant Account ID) and try again.
09-27-2017 @ 10:41:18 - Request
environment: sandbox
uri: generate
data: Array
(
)
duration: 0.63861s

09-27-2017 @ 10:41:18 - Response
data:

09-27-2017 @ 10:41:18 - Invalid Credentials, please double-check your API credentials (Merchant ID, Public Key, Private Key, and Merchant Account ID) and try again.
09-28-2017 @ 00:21:53 - Request
environment: sandbox
uri: generate
data: Array
(
)
duration: 0.65071s

09-28-2017 @ 00:21:53 - Response
data:

09-28-2017 @ 00:21:53 - Invalid Credentials, please double-check your API credentials (Merchant ID, Public Key, Private Key, and Merchant Account ID) and try again.
09-28-2017 @ 00:21:54 - Request
environment: sandbox
uri: generate
data: Array
(
)
duration: 0.63385s

09-28-2017 @ 00:21:54 - Response
data:

09-28-2017 @ 00:21:54 - Invalid Credentials, please double-check your API credentials (Merchant ID, Public Key, Private Key, and Merchant Account ID) and try again.
09-28-2017 @ 00:22:00 - Request
environment: sandbox
uri: generate
data: Array
(
)
duration: 0.63617s

09-28-2017 @ 00:22:00 - Response
data:

09-28-2017 @ 00:22:00 - Invalid Credentials, please double-check your API credentials (Merchant ID, Public Key, Private Key, and Merchant Account ID) and try again.
09-28-2017 @ 00:22:01 - Request
environment: sandbox
uri: generate
data: Array
(
)
duration: 0.63863s

09-28-2017 @ 00:22:01 - Response
data:

09-28-2017 @ 00:22:01 - Invalid Credentials, please double-check your API credentials (Merchant ID, Public Key, Private Key, and Merchant Account ID) and try again.
09-29-2017 @ 23:15:28 - Request
environment: sandbox
uri: generate
data: Array
(
)
duration: 0.70833s

09-29-2017 @ 23:15:28 - Response
data:

09-29-2017 @ 23:15:28 - Invalid Credentials, please double-check your API credentials (Merchant ID, Public Key, Private Key, and Merchant Account ID) and try again.
09-29-2017 @ 23:15:29 - Request
environment: sandbox
uri: generate
data: Array
(
)
duration: 0.671s

09-29-2017 @ 23:15:29 - Response
data:

09-29-2017 @ 23:15:29 - Invalid Credentials, please double-check your API credentials (Merchant ID, Public Key, Private Key, and Merchant Account ID) and try again.
10-02-2017 @ 08:23:10 - Request
environment: sandbox
uri: generate
data: Array
(
)
duration: 0.70976s

10-02-2017 @ 08:23:10 - Response
data:

10-02-2017 @ 08:23:10 - Invalid Credentials, please double-check your API credentials (Merchant ID, Public Key, Private Key, and Merchant Account ID) and try again.
10-02-2017 @ 08:23:10 - Request
environment: sandbox
uri: generate
data: Array
(
)
duration: 0.64718s

10-02-2017 @ 08:23:10 - Response
data:

10-02-2017 @ 08:23:10 - Invalid Credentials, please double-check your API credentials (Merchant ID, Public Key, Private Key, and Merchant Account ID) and try again.
10-03-2017 @ 01:00:10 - Request
environment: sandbox
uri: generate
data: Array
(
)
duration: 0.69934s

10-03-2017 @ 01:00:10 - Response
data:

10-03-2017 @ 01:00:10 - Invalid Credentials, please double-check your API credentials (Merchant ID, Public Key, Private Key, and Merchant Account ID) and try again.
10-03-2017 @ 01:00:11 - Request
environment: sandbox
uri: generate
data: Array
(
)
duration: 0.63631s

10-03-2017 @ 01:00:11 - Response
data:

10-03-2017 @ 01:00:11 - Invalid Credentials, please double-check your API credentials (Merchant ID, Public Key, Private Key, and Merchant Account ID) and try again.
10-03-2017 @ 01:00:19 - Request
environment: sandbox
uri: generate
data: Array
(
)
duration: 0.65263s

10-03-2017 @ 01:00:19 - Response
data:

10-03-2017 @ 01:00:19 - Invalid Credentials, please double-check your API credentials (Merchant ID, Public Key, Private Key, and Merchant Account ID) and try again.
10-03-2017 @ 01:00:20 - Request
environment: sandbox
uri: generate
data: Array
(
)
duration: 0.64315s

10-03-2017 @ 01:00:20 - Response
data:

10-03-2017 @ 01:00:20 - Invalid Credentials, please double-check your API credentials (Merchant ID, Public Key, Private Key, and Merchant Account ID) and try again.
10-03-2017 @ 04:32:33 - Request
environment: sandbox
uri: generate
data: Array
(
)
duration: 0.72091s

10-03-2017 @ 04:32:33 - Response
data:

10-03-2017 @ 04:32:33 - Invalid Credentials, please double-check your API credentials (Merchant ID, Public Key, Private Key, and Merchant Account ID) and try again.
10-03-2017 @ 04:32:34 - Request
environment: sandbox
uri: generate
data: Array
(
)
duration: 0.65573s

10-03-2017 @ 04:32:34 - Response
data:

10-03-2017 @ 04:32:34 - Invalid Credentials, please double-check your API credentials (Merchant ID, Public Key, Private Key, and Merchant Account ID) and try again.
10-04-2017 @ 11:32:06 - Request
environment: sandbox
uri: generate
data: Array
(
)
duration: 6.17795s

10-04-2017 @ 11:32:06 - Response
data:

10-04-2017 @ 11:32:06 - Invalid Credentials, please double-check your API credentials (Merchant ID, Public Key, Private Key, and Merchant Account ID) and try again.
10-04-2017 @ 11:32:06 - Request
environment: sandbox
uri: generate
data: Array
(
)
duration: 0.66071s

10-04-2017 @ 11:32:06 - Response
data:

10-04-2017 @ 11:32:06 - Invalid Credentials, please double-check your API credentials (Merchant ID, Public Key, Private Key, and Merchant Account ID) and try again.
10-04-2017 @ 11:32:16 - Request
environment: sandbox
uri: generate
data: Array
(
)
duration: 0.65281s

10-04-2017 @ 11:32:16 - Response
data:

10-04-2017 @ 11:32:16 - Invalid Credentials, please double-check your API credentials (Merchant ID, Public Key, Private Key, and Merchant Account ID) and try again.
10-04-2017 @ 11:32:17 - Request
environment: sandbox
uri: generate
data: Array
(
)
duration: 0.64717s

10-04-2017 @ 11:32:17 - Response
data:

10-04-2017 @ 11:32:17 - Invalid Credentials, please double-check your API credentials (Merchant ID, Public Key, Private Key, and Merchant Account ID) and try again.
10-04-2017 @ 12:47:46 - Request
environment: sandbox
uri: generate
data: Array
(
)
duration: 0.64562s

10-04-2017 @ 12:47:47 - Response
data:

10-04-2017 @ 12:47:47 - Invalid Credentials, please double-check your API credentials (Merchant ID, Public Key, Private Key, and Merchant Account ID) and try again.
10-04-2017 @ 12:47:47 - Request
environment: sandbox
uri: generate
data: Array
(
)
duration: 0.63964s

10-04-2017 @ 12:47:47 - Response
data:

10-04-2017 @ 12:47:47 - Invalid Credentials, please double-check your API credentials (Merchant ID, Public Key, Private Key, and Merchant Account ID) and try again.
10-05-2017 @ 00:41:10 - Request
environment: sandbox
uri: generate
data: Array
(
)
duration: 0.64767s

10-05-2017 @ 00:41:10 - Response
data:

10-05-2017 @ 00:41:10 - Invalid Credentials, please double-check your API credentials (Merchant ID, Public Key, Private Key, and Merchant Account ID) and try again.
10-05-2017 @ 00:41:11 - Request
environment: sandbox
uri: generate
data: Array
(
)
duration: 0.68197s

10-05-2017 @ 00:41:11 - Response
data:

10-05-2017 @ 00:41:11 - Invalid Credentials, please double-check your API credentials (Merchant ID, Public Key, Private Key, and Merchant Account ID) and try again.
10-06-2017 @ 03:09:11 - Request
environment: sandbox
uri: generate
data: Array
(
)
duration: 0.70409s

10-06-2017 @ 03:09:11 - Response
data:

10-06-2017 @ 03:09:11 - Invalid Credentials, please double-check your API credentials (Merchant ID, Public Key, Private Key, and Merchant Account ID) and try again.
10-06-2017 @ 03:09:12 - Request
environment: sandbox
uri: generate
data: Array
(
)
duration: 0.63481s

10-06-2017 @ 03:09:12 - Response
data:

10-06-2017 @ 03:09:12 - Invalid Credentials, please double-check your API credentials (Merchant ID, Public Key, Private Key, and Merchant Account ID) and try again.
10-06-2017 @ 14:49:37 - Request
environment: sandbox
uri: generate
data: Array
(
)
duration: 0.7111s

10-06-2017 @ 14:49:37 - Response
data:

10-06-2017 @ 14:49:37 - Invalid Credentials, please double-check your API credentials (Merchant ID, Public Key, Private Key, and Merchant Account ID) and try again.
10-06-2017 @ 14:49:37 - Request
environment: sandbox
uri: generate
data: Array
(
)
duration: 0.62969s

10-06-2017 @ 14:49:37 - Response
data:

10-06-2017 @ 14:49:37 - Invalid Credentials, please double-check your API credentials (Merchant ID, Public Key, Private Key, and Merchant Account ID) and try again.
